<?xml version="1.0" encoding="UTF-8"?>
<!-- Generated by org.testng.reporters.JUnitReportReporter -->
<testsuite hostname="taodeAir.bbrouter" name="com.minehome.controller.RdcTest" tests="1" failures="0" timestamp="12 Mar 2020 05:38:29 GMT" time="0.032" errors="0">
  <testcase name="shouldServiceWithOk" time="0.032" classname="com.minehome.controller.RdcTest"/>
</testsuite> <!-- com.minehome.controller.RdcTest -->
